# JRE version: Java(TM) SE Runtime Environment (8.0_202-b08) (build 1.8.0_202-b08)
# Java VM: Java HotSpot(TM) 64-Bit Server VM (25.202-b08 mixed mode windows-amd64 compressed oops)
Heap:
 PSYoungGen      total 33280K, used 8753K [0x00000000dab00000, 0x00000000dec00000, 0x0000000100000000)
  eden space 28672K, 14% used [0x00000000dab00000,0x00000000daf105e8,0x00000000dc700000)
  from space 4608K, 99% used [0x00000000dc700000,0x00000000dcb7c030,0x00000000dcb80000)
  to   space 4608K, 0% used [0x00000000de780000,0x00000000de780000,0x00000000dec00000)
 ParOldGen       total 76800K, used 4221K [0x0000000090000000, 0x0000000094b00000, 0x00000000dab00000)
  object space 76800K, 5% used [0x0000000090000000,0x000000009041f6d0,0x0000000094b00000)
 Metaspace       used 15148K, capacity 15318K, committed 15616K, reserved 1062912K
  class space    used 1849K, capacity 1937K, committed 2048K, reserved 1048576K
GC Heap History (6 events):
Event: 5.964 GC heap before
{Heap before GC invocations=1 (full 0):
 PSYoungGen      total 33280K, used 28672K [0x00000000dab00000, 0x00000000dd000000, 0x0000000100000000)
  eden space 28672K, 100% used [0x00000000dab00000,0x00000000dc700000,0x00000000dc700000)
  from space 4608K, 0% used [0x00000000dcb80000,0x00000000dcb80000,0x00000000dd000000)
  to   space 4608K, 0% used [0x00000000dc700000,0x00000000dc700000,0x00000000dcb80000)
 ParOldGen       total 76800K, used 0K [0x0000000090000000, 0x0000000094b00000, 0x00000000dab00000)
  object space 76800K, 0% used [0x0000000090000000,0x0000000090000000,0x0000000094b00000)
 Metaspace       used 8453K, capacity 8636K, committed 8832K, reserved 1056768K
  class space    used 1028K, capacity 1112K, committed 1152K, reserved 1048576K
Event: 5.971 GC heap after
Heap after GC invocations=1 (full 0):
 PSYoungGen      total 33280K, used 4607K [0x00000000dab00000, 0x00000000dd000000, 0x0000000100000000)
  eden space 28672K, 0% used [0x00000000dab00000,0x00000000dab00000,0x00000000dc700000)
  from space 4608K, 99% used [0x00000000dc700000,0x00000000dcb7ffc8,0x00000000dcb80000)
  to   space 4608K, 0% used [0x00000000dcb80000,0x00000000dcb80000,0x00000000dd000000)
 ParOldGen       total 76800K, used 209K [0x0000000090000000, 0x0000000094b00000, 0x00000000dab00000)
  object space 76800K, 0% used [0x0000000090000000,0x0000000090034670,0x0000000094b00000)
 Metaspace       used 8453K, capacity 8636K, committed 8832K, reserved 1056768K
  class space    used 1028K, capacity 1112K, committed 1152K, reserved 1048576K
}
Event: 6.361 GC heap before
{Heap before GC invocations=2 (full 0):
 PSYoungGen      total 33280K, used 33279K [0x00000000dab00000, 0x00000000dd000000, 0x0000000100000000)
  eden space 28672K, 100% used [0x00000000dab00000,0x00000000dc700000,0x00000000dc700000)
  from space 4608K, 99% used [0x00000000dc700000,0x00000000dcb7ffc8,0x00000000dcb80000)
  to   space 4608K, 0% used [0x00000000dcb80000,0x00000000dcb80000,0x00000000dd000000)
 ParOldGen       total 76800K, used 209K [0x0000000090000000, 0x0000000094b00000, 0x00000000dab00000)
  object space 76800K, 0% used [0x0000000090000000,0x0000000090034670,0x0000000094b00000)
 Metaspace       used 11305K, capacity 11454K, committed 11520K, reserved 1058816K
  class space    used 1401K, capacity 1475K, committed 1536K, reserved 1048576K
Event: 6.368 GC heap after
Heap after GC invocations=2 (full 0):
 PSYoungGen      total 33280K, used 4583K [0x00000000dab00000, 0x00000000dd000000, 0x0000000100000000)
  eden space 28672K, 0% used [0x00000000dab00000,0x00000000dab00000,0x00000000dc700000)
  from space 4608K, 99% used [0x00000000dcb80000,0x00000000dcff9c20,0x00000000dd000000)
  to   space 4608K, 0% used [0x00000000dc700000,0x00000000dc700000,0x00000000dcb80000)
 ParOldGen       total 76800K, used 1551K [0x0000000090000000, 0x0000000094b00000, 0x00000000dab00000)
  object space 76800K, 2% used [0x0000000090000000,0x0000000090183e90,0x0000000094b00000)
 Metaspace       used 11305K, capacity 11454K, committed 11520K, reserved 1058816K
  class space    used 1401K, capacity 1475K, committed 1536K, reserved 1048576K
}
Event: 7.041 GC heap before
{Heap before GC invocations=3 (full 0):
 PSYoungGen      total 33280K, used 33255K [0x00000000dab00000, 0x00000000dd000000, 0x0000000100000000)
  eden space 28672K, 100% used [0x00000000dab00000,0x00000000dc700000,0x00000000dc700000)
  from space 4608K, 99% used [0x00000000dcb80000,0x00000000dcff9c20,0x00000000dd000000)
  to   space 4608K, 0% used [0x00000000dc700000,0x00000000dc700000,0x00000000dcb80000)
 ParOldGen       total 76800K, used 1551K [0x0000000090000000, 0x0000000094b00000, 0x00000000dab00000)
  object space 76800K, 2% used [0x0000000090000000,0x0000000090183e90,0x0000000094b00000)
 Metaspace       used 15088K, capacity 15242K, committed 15360K, reserved 1062912K
  class space    used 1847K, capacity 1935K, committed 2048K, reserved 1048576K
Event: 7.057 GC heap after
Heap after GC invocations=3 (full 0):
 PSYoungGen      total 33280K, used 4592K [0x00000000dab00000, 0x00000000dec00000, 0x0000000100000000)
  eden space 28672K, 0% used [0x00000000dab00000,0x00000000dab00000,0x00000000dc700000)
  from space 4608K, 99% used [0x00000000dc700000,0x00000000dcb7c030,0x00000000dcb80000)
  to   space 4608K, 0% used [0x00000000de780000,0x00000000de780000,0x00000000dec00000)
 ParOldGen       total 76800K, used 4221K [0x0000000090000000, 0x0000000094b00000, 0x00000000dab00000)
  object space 76800K, 5% used [0x0000000090000000,0x000000009041f6d0,0x0000000094b00000)
 Metaspace       used 15088K, capacity 15242K, committed 15360K, reserved 1062912K
  class space    used 1847K, capacity 1935K, committed 2048K, reserved 1048576K
}

