# JRE version: Java(TM) SE Runtime Environment (8.0_202-b08) (build 1.8.0_202-b08)
# Java VM: Java HotSpot(TM) 64-Bit Server VM (25.202-b08 mixed mode windows-amd64 compressed oops)
Heap:
 PSYoungGen      total 33280K, used 10399K [0x00000000dab00000, 0x00000000dec00000, 0x0000000100000000)
  eden space 28672K, 20% used [0x00000000dab00000,0x00000000db0abf08,0x00000000dc700000)
  from space 4608K, 99% used [0x00000000dc700000,0x00000000dcb7c030,0x00000000dcb80000)
  to   space 4608K, 0% used [0x00000000de780000,0x00000000de780000,0x00000000dec00000)
 ParOldGen       total 76800K, used 4120K [0x0000000090000000, 0x0000000094b00000, 0x00000000dab00000)
  object space 76800K, 5% used [0x0000000090000000,0x0000000090406248,0x0000000094b00000)
 Metaspace       used 15184K, capacity 15388K, committed 15616K, reserved 1062912K
  class space    used 1850K, capacity 1938K, committed 2048K, reserved 1048576K
GC Heap History (6 events):
Event: 6.046 GC heap before
{Heap before GC invocations=1 (full 0):
 PSYoungGen      total 33280K, used 28672K [0x00000000dab00000, 0x00000000dd000000, 0x0000000100000000)
  eden space 28672K, 100% used [0x00000000dab00000,0x00000000dc700000,0x00000000dc700000)
  from space 4608K, 0% used [0x00000000dcb80000,0x00000000dcb80000,0x00000000dd000000)
  to   space 4608K, 0% used [0x00000000dc700000,0x00000000dc700000,0x00000000dcb80000)
 ParOldGen       total 76800K, used 0K [0x0000000090000000, 0x0000000094b00000, 0x00000000dab00000)
  object space 76800K, 0% used [0x0000000090000000,0x0000000090000000,0x0000000094b00000)
 Metaspace       used 8417K, capacity 8540K, committed 8832K, reserved 1056768K
  class space    used 1023K, capacity 1080K, committed 1152K, reserved 1048576K
Event: 6.079 GC heap after
Heap after GC invocations=1 (full 0):
 PSYoungGen      total 33280K, used 4588K [0x00000000dab00000, 0x00000000dd000000, 0x0000000100000000)
  eden space 28672K, 0% used [0x00000000dab00000,0x00000000dab00000,0x00000000dc700000)
  from space 4608K, 99% used [0x00000000dc700000,0x00000000dcb7b240,0x00000000dcb80000)
  to   space 4608K, 0% used [0x00000000dcb80000,0x00000000dcb80000,0x00000000dd000000)
 ParOldGen       total 76800K, used 175K [0x0000000090000000, 0x0000000094b00000, 0x00000000dab00000)
  object space 76800K, 0% used [0x0000000090000000,0x000000009002beb0,0x0000000094b00000)
 Metaspace       used 8417K, capacity 8540K, committed 8832K, reserved 1056768K
  class space    used 1023K, capacity 1080K, committed 1152K, reserved 1048576K
}
Event: 6.507 GC heap before
{Heap before GC invocations=2 (full 0):
 PSYoungGen      total 33280K, used 33260K [0x00000000dab00000, 0x00000000dd000000, 0x0000000100000000)
  eden space 28672K, 100% used [0x00000000dab00000,0x00000000dc700000,0x00000000dc700000)
  from space 4608K, 99% used [0x00000000dc700000,0x00000000dcb7b240,0x00000000dcb80000)
  to   space 4608K, 0% used [0x00000000dcb80000,0x00000000dcb80000,0x00000000dd000000)
 ParOldGen       total 76800K, used 175K [0x0000000090000000, 0x0000000094b00000, 0x00000000dab00000)
  object space 76800K, 0% used [0x0000000090000000,0x000000009002beb0,0x0000000094b00000)
 Metaspace       used 11303K, capacity 11454K, committed 11520K, reserved 1058816K
  class space    used 1401K, capacity 1475K, committed 1536K, reserved 1048576K
Event: 6.514 GC heap after
Heap after GC invocations=2 (full 0):
 PSYoungGen      total 33280K, used 4601K [0x00000000dab00000, 0x00000000dec00000, 0x0000000100000000)
  eden space 28672K, 0% used [0x00000000dab00000,0x00000000dab00000,0x00000000dc700000)
  from space 4608K, 99% used [0x00000000dcb80000,0x00000000dcffe518,0x00000000dd000000)
  to   space 4608K, 0% used [0x00000000dc700000,0x00000000dc700000,0x00000000dcb80000)
 ParOldGen       total 76800K, used 1537K [0x0000000090000000, 0x0000000094b00000, 0x00000000dab00000)
  object space 76800K, 2% used [0x0000000090000000,0x00000000901805c0,0x0000000094b00000)
 Metaspace       used 11303K, capacity 11454K, committed 11520K, reserved 1058816K
  class space    used 1401K, capacity 1475K, committed 1536K, reserved 1048576K
}
Event: 7.174 GC heap before
{Heap before GC invocations=3 (full 0):
 PSYoungGen      total 33280K, used 33273K [0x00000000dab00000, 0x00000000dec00000, 0x0000000100000000)
  eden space 28672K, 100% used [0x00000000dab00000,0x00000000dc700000,0x00000000dc700000)
  from space 4608K, 99% used [0x00000000dcb80000,0x00000000dcffe518,0x00000000dd000000)
  to   space 4608K, 0% used [0x00000000dc700000,0x00000000dc700000,0x00000000dcb80000)
 ParOldGen       total 76800K, used 1537K [0x0000000090000000, 0x0000000094b00000, 0x00000000dab00000)
  object space 76800K, 2% used [0x0000000090000000,0x00000000901805c0,0x0000000094b00000)
 Metaspace       used 15102K, capacity 15242K, committed 15360K, reserved 1062912K
  class space    used 1847K, capacity 1935K, committed 2048K, reserved 1048576K
Event: 7.184 GC heap after
Heap after GC invocations=3 (full 0):
 PSYoungGen      total 33280K, used 4592K [0x00000000dab00000, 0x00000000dec00000, 0x0000000100000000)
  eden space 28672K, 0% used [0x00000000dab00000,0x00000000dab00000,0x00000000dc700000)
  from space 4608K, 99% used [0x00000000dc700000,0x00000000dcb7c030,0x00000000dcb80000)
  to   space 4608K, 0% used [0x00000000de780000,0x00000000de780000,0x00000000dec00000)
 ParOldGen       total 76800K, used 4120K [0x0000000090000000, 0x0000000094b00000, 0x00000000dab00000)
  object space 76800K, 5% used [0x0000000090000000,0x0000000090406248,0x0000000094b00000)
 Metaspace       used 15102K, capacity 15242K, committed 15360K, reserved 1062912K
  class space    used 1847K, capacity 1935K, committed 2048K, reserved 1048576K
}

