# JRE version: Java(TM) SE Runtime Environment (8.0_202-b08) (build 1.8.0_202-b08)
# Java VM: Java HotSpot(TM) 64-Bit Server VM (25.202-b08 mixed mode windows-amd64 compressed oops)
Heap:
 PSYoungGen      total 33280K, used 33186K [0x00000000dab00000, 0x00000000dd000000, 0x0000000100000000)
  eden space 28672K, 99% used [0x00000000dab00000,0x00000000dc6ef758,0x00000000dc700000)
  from space 4608K, 99% used [0x00000000dcb80000,0x00000000dcff91b8,0x00000000dd000000)
  to   space 4608K, 0% used [0x00000000dc700000,0x00000000dc700000,0x00000000dcb80000)
 ParOldGen       total 76800K, used 1634K [0x0000000090000000, 0x0000000094b00000, 0x00000000dab00000)
  object space 76800K, 2% used [0x0000000090000000,0x0000000090198aa8,0x0000000094b00000)
 Metaspace       used 15101K, capacity 15306K, committed 15616K, reserved 1062912K
  class space    used 1847K, capacity 1935K, committed 2048K, reserved 1048576K
GC Heap History (4 events):
Event: 5.958 GC heap before
{Heap before GC invocations=1 (full 0):
 PSYoungGen      total 33280K, used 28672K [0x00000000dab00000, 0x00000000dd000000, 0x0000000100000000)
  eden space 28672K, 100% used [0x00000000dab00000,0x00000000dc700000,0x00000000dc700000)
  from space 4608K, 0% used [0x00000000dcb80000,0x00000000dcb80000,0x00000000dd000000)
  to   space 4608K, 0% used [0x00000000dc700000,0x00000000dc700000,0x00000000dcb80000)
 ParOldGen       total 76800K, used 0K [0x0000000090000000, 0x0000000094b00000, 0x00000000dab00000)
  object space 76800K, 0% used [0x0000000090000000,0x0000000090000000,0x0000000094b00000)
 Metaspace       used 8442K, capacity 8572K, committed 8832K, reserved 1056768K
  class space    used 1030K, capacity 1112K, committed 1152K, reserved 1048576K
Event: 5.968 GC heap after
Heap after GC invocations=1 (full 0):
 PSYoungGen      total 33280K, used 4580K [0x00000000dab00000, 0x00000000dd000000, 0x0000000100000000)
  eden space 28672K, 0% used [0x00000000dab00000,0x00000000dab00000,0x00000000dc700000)
  from space 4608K, 99% used [0x00000000dc700000,0x00000000dcb79070,0x00000000dcb80000)
  to   space 4608K, 0% used [0x00000000dcb80000,0x00000000dcb80000,0x00000000dd000000)
 ParOldGen       total 76800K, used 293K [0x0000000090000000, 0x0000000094b00000, 0x00000000dab00000)
  object space 76800K, 0% used [0x0000000090000000,0x0000000090049588,0x0000000094b00000)
 Metaspace       used 8442K, capacity 8572K, committed 8832K, reserved 1056768K
  class space    used 1030K, capacity 1112K, committed 1152K, reserved 1048576K
}
Event: 6.366 GC heap before
{Heap before GC invocations=2 (full 0):
 PSYoungGen      total 33280K, used 33252K [0x00000000dab00000, 0x00000000dd000000, 0x0000000100000000)
  eden space 28672K, 100% used [0x00000000dab00000,0x00000000dc700000,0x00000000dc700000)
  from space 4608K, 99% used [0x00000000dc700000,0x00000000dcb79070,0x00000000dcb80000)
  to   space 4608K, 0% used [0x00000000dcb80000,0x00000000dcb80000,0x00000000dd000000)
 ParOldGen       total 76800K, used 293K [0x0000000090000000, 0x0000000094b00000, 0x00000000dab00000)
  object space 76800K, 0% used [0x0000000090000000,0x0000000090049588,0x0000000094b00000)
 Metaspace       used 11339K, capacity 11454K, committed 11520K, reserved 1058816K
  class space    used 1407K, capacity 1475K, committed 1536K, reserved 1048576K
Event: 6.374 GC heap after
Heap after GC invocations=2 (full 0):
 PSYoungGen      total 33280K, used 4580K [0x00000000dab00000, 0x00000000dd000000, 0x0000000100000000)
  eden space 28672K, 0% used [0x00000000dab00000,0x00000000dab00000,0x00000000dc700000)
  from space 4608K, 99% used [0x00000000dcb80000,0x00000000dcff91b8,0x00000000dd000000)
  to   space 4608K, 0% used [0x00000000dc700000,0x00000000dc700000,0x00000000dcb80000)
 ParOldGen       total 76800K, used 1634K [0x0000000090000000, 0x0000000094b00000, 0x00000000dab00000)
  object space 76800K, 2% used [0x0000000090000000,0x0000000090198aa8,0x0000000094b00000)
 Metaspace       used 11339K, capacity 11454K, committed 11520K, reserved 1058816K
  class space    used 1407K, capacity 1475K, committed 1536K, reserved 1048576K
}

